0 info it worked if it ends with ok
1 verbose cli [ '/usr/local/bin/node', '/usr/local/bin/npm', 'start' ]
2 info using npm@3.8.0
3 info using node@v5.7.1
4 verbose run-script [ 'prestart', 'start', 'poststart' ]
5 info lifecycle cleanwater@0.0.0~prestart: cleanwater@0.0.0
6 silly lifecycle cleanwater@0.0.0~prestart: no script for prestart, continuing
7 info lifecycle cleanwater@0.0.0~start: cleanwater@0.0.0
8 verbose lifecycle cleanwater@0.0.0~start: unsafe-perm in lifecycle true
9 verbose lifecycle cleanwater@0.0.0~start: PATH: /usr/local/lib/node_modules/npm/bin/node-gyp-bin:/Users/Andrew/Documents/College/2017 Spring/ENG100D/CleanWater/node_modules/.bin:/usr/local/bin:/Applications/tomcat/lib/postgresql-42.0.0.jre6.jar:/Users/Andrew/anaconda/bin:/Users/Andrew/.opam/system/bin:/Users/Andrew/Library/Haskell/bin:/Library/Frameworks/Python.framework/Versions/3.5/bin:/Library/Frameworks/Python.framework/Versions/3.5/lib/python3.5/site-packages:/usr/bin:/bin:/usr/sbin:/sbin:/usr/local/bin
10 verbose lifecycle cleanwater@0.0.0~start: CWD: /Users/Andrew/Documents/College/2017 Spring/ENG100D/CleanWater
11 silly lifecycle cleanwater@0.0.0~start: Args: [ '-c', 'node ./app.js' ]
12 silly lifecycle cleanwater@0.0.0~start: Returned: code: 1  signal: null
13 info lifecycle cleanwater@0.0.0~start: Failed to exec start script
14 verbose stack Error: cleanwater@0.0.0 start: `node ./app.js`
14 verbose stack Exit status 1
14 verbose stack     at EventEmitter.<anonymous> (/usr/local/lib/node_modules/npm/lib/utils/lifecycle.js:239:16)
14 verbose stack     at emitTwo (events.js:100:13)
14 verbose stack     at EventEmitter.emit (events.js:185:7)
14 verbose stack     at ChildProcess.<anonymous> (/usr/local/lib/node_modules/npm/lib/utils/spawn.js:24:14)
14 verbose stack     at emitTwo (events.js:100:13)
14 verbose stack     at ChildProcess.emit (events.js:185:7)
14 verbose stack     at maybeClose (internal/child_process.js:827:16)
14 verbose stack     at Process.ChildProcess._handle.onexit (internal/child_process.js:211:5)
15 verbose pkgid cleanwater@0.0.0
16 verbose cwd /Users/Andrew/Documents/College/2017 Spring/ENG100D/CleanWater/views
17 error Darwin 16.0.0
18 error argv "/usr/local/bin/node" "/usr/local/bin/npm" "start"
19 error node v5.7.1
20 error npm  v3.8.0
21 error code ELIFECYCLE
22 error cleanwater@0.0.0 start: `node ./app.js`
22 error Exit status 1
23 error Failed at the cleanwater@0.0.0 start script 'node ./app.js'.
23 error Make sure you have the latest version of node.js and npm installed.
23 error If you do, this is most likely a problem with the cleanwater package,
23 error not with npm itself.
23 error Tell the author that this fails on your system:
23 error     node ./app.js
23 error You can get information on how to open an issue for this project with:
23 error     npm bugs cleanwater
23 error Or if that isn't available, you can get their info via:
23 error     npm owner ls cleanwater
23 error There is likely additional logging output above.
24 verbose exit [ 1, true ]
